# JRE version: OpenJDK Runtime Environment (17.0.11) (build 17.0.11+0--11852314)
# Java VM: OpenJDK 64-Bit Server VM (17.0.11+0--11852314, mixed mode, tiered, compressed oops, compressed class ptrs, g1 gc, windows-amd64)
GC Precious Log:
 CPUs: 28 total, 28 available
 Memory: 32454M
 Large Page Support: Disabled
 NUMA Support: Disabled
 Compressed Oops: Enabled (32-bit)
 Heap Region Size: 1M
 Heap Min Capacity: 8M
 Heap Initial Capacity: 508M
 Heap Max Capacity: 2G
 Pre-touch: Disabled
 Parallel Workers: 20
 Concurrent Workers: 5
 Concurrent Refinement Workers: 20
 Periodic GC: Disabled
Heap:
 garbage-first heap   total 293888K, used 200793K [0x0000000080000000, 0x0000000100000000)
  region size 1024K, 90 young (92160K), 17 survivors (17408K)
 Metaspace       used 130914K, committed 131904K, reserved 1179648K
  class space    used 17947K, committed 18432K, reserved 1048576K
GC Heap History (20 events):
Event: 4.192 GC heap before
{Heap before GC invocations=17 (full 0):
 garbage-first heap   total 306176K, used 201834K [0x0000000080000000, 0x0000000100000000)
  region size 1024K, 143 young (146432K), 2 survivors (2048K)
 Metaspace       used 71017K, committed 71616K, reserved 1114112K
  class space    used 9584K, committed 9856K, reserved 1048576K
}
Event: 4.210 GC heap after
{Heap after GC invocations=18 (full 0):
 garbage-first heap   total 306176K, used 61246K [0x0000000080000000, 0x0000000100000000)
  region size 1024K, 10 young (10240K), 10 survivors (10240K)
 Metaspace       used 71017K, committed 71616K, reserved 1114112K
  class space    used 9584K, committed 9856K, reserved 1048576K
}
Event: 5.045 GC heap before
{Heap before GC invocations=18 (full 0):
 garbage-first heap   total 306176K, used 219966K [0x0000000080000000, 0x0000000100000000)
  region size 1024K, 165 young (168960K), 10 survivors (10240K)
 Metaspace       used 83418K, committed 84032K, reserved 1179648K
  class space    used 11496K, committed 11776K, reserved 1048576K
}
Event: 5.071 GC heap after
{Heap after GC invocations=19 (full 0):
 garbage-first heap   total 306176K, used 68738K [0x0000000080000000, 0x0000000100000000)
  region size 1024K, 17 young (17408K), 17 survivors (17408K)
 Metaspace       used 83418K, committed 84032K, reserved 1179648K
  class space    used 11496K, committed 11776K, reserved 1048576K
}
Event: 5.766 GC heap before
{Heap before GC invocations=19 (full 0):
 garbage-first heap   total 306176K, used 230530K [0x0000000080000000, 0x0000000100000000)
  region size 1024K, 176 young (180224K), 17 survivors (17408K)
 Metaspace       used 94356K, committed 95040K, reserved 1179648K
  class space    used 13139K, committed 13504K, reserved 1048576K
}
Event: 5.779 GC heap after
{Heap after GC invocations=20 (full 0):
 garbage-first heap   total 306176K, used 79363K [0x0000000080000000, 0x0000000100000000)
  region size 1024K, 18 young (18432K), 18 survivors (18432K)
 Metaspace       used 94356K, committed 95040K, reserved 1179648K
  class space    used 13139K, committed 13504K, reserved 1048576K
}
Event: 6.243 GC heap before
{Heap before GC invocations=20 (full 0):
 garbage-first heap   total 306176K, used 180739K [0x0000000080000000, 0x0000000100000000)
  region size 1024K, 114 young (116736K), 18 survivors (18432K)
 Metaspace       used 96255K, committed 96960K, reserved 1179648K
  class space    used 13293K, committed 13632K, reserved 1048576K
}
Event: 6.247 GC heap after
{Heap after GC invocations=21 (full 0):
 garbage-first heap   total 306176K, used 84090K [0x0000000080000000, 0x0000000100000000)
  region size 1024K, 9 young (9216K), 9 survivors (9216K)
 Metaspace       used 96255K, committed 96960K, reserved 1179648K
  class space    used 13293K, committed 13632K, reserved 1048576K
}
Event: 7.208 GC heap before
{Heap before GC invocations=22 (full 0):
 garbage-first heap   total 293888K, used 238714K [0x0000000080000000, 0x0000000100000000)
  region size 1024K, 159 young (162816K), 9 survivors (9216K)
 Metaspace       used 106677K, committed 107392K, reserved 1179648K
  class space    used 14614K, committed 14976K, reserved 1048576K
}
Event: 7.212 GC heap after
{Heap after GC invocations=23 (full 0):
 garbage-first heap   total 293888K, used 91325K [0x0000000080000000, 0x0000000100000000)
  region size 1024K, 14 young (14336K), 14 survivors (14336K)
 Metaspace       used 106677K, committed 107392K, reserved 1179648K
  class space    used 14614K, committed 14976K, reserved 1048576K
}
Event: 7.357 GC heap before
{Heap before GC invocations=23 (full 0):
 garbage-first heap   total 293888K, used 92349K [0x0000000080000000, 0x0000000100000000)
  region size 1024K, 15 young (15360K), 14 survivors (14336K)
 Metaspace       used 106702K, committed 107456K, reserved 1179648K
  class space    used 14617K, committed 14976K, reserved 1048576K
}
Event: 7.375 GC heap after
{Heap after GC invocations=24 (full 0):
 garbage-first heap   total 293888K, used 90131K [0x0000000080000000, 0x0000000100000000)
  region size 1024K, 2 young (2048K), 2 survivors (2048K)
 Metaspace       used 106702K, committed 107456K, reserved 1179648K
  class space    used 14617K, committed 14976K, reserved 1048576K
}
Event: 8.306 GC heap before
{Heap before GC invocations=24 (full 0):
 garbage-first heap   total 293888K, used 230419K [0x0000000080000000, 0x0000000100000000)
  region size 1024K, 140 young (143360K), 2 survivors (2048K)
 Metaspace       used 122439K, committed 123264K, reserved 1179648K
  class space    used 17035K, committed 17408K, reserved 1048576K
}
Event: 8.308 GC heap after
{Heap after GC invocations=25 (full 0):
 garbage-first heap   total 293888K, used 91860K [0x0000000080000000, 0x0000000100000000)
  region size 1024K, 4 young (4096K), 4 survivors (4096K)
 Metaspace       used 122439K, committed 123264K, reserved 1179648K
  class space    used 17035K, committed 17408K, reserved 1048576K
}
Event: 89.022 GC heap before
{Heap before GC invocations=25 (full 0):
 garbage-first heap   total 293888K, used 244436K [0x0000000080000000, 0x0000000100000000)
  region size 1024K, 144 young (147456K), 4 survivors (4096K)
 Metaspace       used 128714K, committed 129536K, reserved 1179648K
  class space    used 17857K, committed 18240K, reserved 1048576K
}
Event: 89.030 GC heap after
{Heap after GC invocations=26 (full 0):
 garbage-first heap   total 293888K, used 104430K [0x0000000080000000, 0x0000000100000000)
  region size 1024K, 16 young (16384K), 16 survivors (16384K)
 Metaspace       used 128714K, committed 129536K, reserved 1179648K
  class space    used 17857K, committed 18240K, reserved 1048576K
}
Event: 114.474 GC heap before
{Heap before GC invocations=26 (full 0):
 garbage-first heap   total 293888K, used 245742K [0x0000000080000000, 0x0000000100000000)
  region size 1024K, 143 young (146432K), 16 survivors (16384K)
 Metaspace       used 129777K, committed 130624K, reserved 1179648K
  class space    used 17888K, committed 18304K, reserved 1048576K
}
Event: 114.479 GC heap after
{Heap after GC invocations=27 (full 0):
 garbage-first heap   total 293888K, used 106700K [0x0000000080000000, 0x0000000100000000)
  region size 1024K, 8 young (8192K), 8 survivors (8192K)
 Metaspace       used 129777K, committed 130624K, reserved 1179648K
  class space    used 17888K, committed 18304K, reserved 1048576K
}
Event: 169.981 GC heap before
{Heap before GC invocations=27 (full 0):
 garbage-first heap   total 293888K, used 236748K [0x0000000080000000, 0x0000000100000000)
  region size 1024K, 134 young (137216K), 8 survivors (8192K)
 Metaspace       used 130368K, committed 131392K, reserved 1179648K
  class space    used 17936K, committed 18432K, reserved 1048576K
}
Event: 169.986 GC heap after
{Heap after GC invocations=28 (full 0):
 garbage-first heap   total 293888K, used 117849K [0x0000000080000000, 0x0000000100000000)
  region size 1024K, 17 young (17408K), 17 survivors (17408K)
 Metaspace       used 130368K, committed 131392K, reserved 1179648K
  class space    used 17936K, committed 18432K, reserved 1048576K
}

