# JRE version: OpenJDK Runtime Environment (17.0.11) (build 17.0.11+0--11852314)
# Java VM: OpenJDK 64-Bit Server VM (17.0.11+0--11852314, mixed mode, tiered, compressed oops, compressed class ptrs, g1 gc, windows-amd64)
GC Precious Log:
 CPUs: 28 total, 28 available
 Memory: 32454M
 Large Page Support: Disabled
 NUMA Support: Disabled
 Compressed Oops: Enabled (32-bit)
 Heap Region Size: 1M
 Heap Min Capacity: 8M
 Heap Initial Capacity: 508M
 Heap Max Capacity: 2G
 Pre-touch: Disabled
 Parallel Workers: 20
 Concurrent Workers: 5
 Concurrent Refinement Workers: 20
 Periodic GC: Disabled
Heap:
 garbage-first heap   total 305152K, used 114447K [0x0000000080000000, 0x0000000100000000)
  region size 1024K, 20 young (20480K), 16 survivors (16384K)
 Metaspace       used 110499K, committed 111360K, reserved 1179648K
  class space    used 15090K, committed 15488K, reserved 1048576K
GC Heap History (20 events):
Event: 2.386 GC heap before
{Heap before GC invocations=14 (full 0):
 garbage-first heap   total 89088K, used 62724K [0x0000000080000000, 0x0000000100000000)
  region size 1024K, 26 young (26624K), 5 survivors (5120K)
 Metaspace       used 57594K, committed 58176K, reserved 1114112K
  class space    used 7850K, committed 8128K, reserved 1048576K
}
Event: 2.387 GC heap after
{Heap after GC invocations=15 (full 0):
 garbage-first heap   total 89088K, used 47278K [0x0000000080000000, 0x0000000100000000)
  region size 1024K, 5 young (5120K), 5 survivors (5120K)
 Metaspace       used 57594K, committed 58176K, reserved 1114112K
  class space    used 7850K, committed 8128K, reserved 1048576K
}
Event: 2.399 GC heap before
{Heap before GC invocations=16 (full 0):
 garbage-first heap   total 89088K, used 51374K [0x0000000080000000, 0x0000000100000000)
  region size 1024K, 8 young (8192K), 5 survivors (5120K)
 Metaspace       used 57611K, committed 58176K, reserved 1114112K
  class space    used 7855K, committed 8128K, reserved 1048576K
}
Event: 2.401 GC heap after
{Heap after GC invocations=17 (full 0):
 garbage-first heap   total 305152K, used 49608K [0x0000000080000000, 0x0000000100000000)
  region size 1024K, 2 young (2048K), 2 survivors (2048K)
 Metaspace       used 57611K, committed 58176K, reserved 1114112K
  class space    used 7855K, committed 8128K, reserved 1048576K
}
Event: 3.076 GC heap before
{Heap before GC invocations=17 (full 0):
 garbage-first heap   total 305152K, used 227784K [0x0000000080000000, 0x0000000100000000)
  region size 1024K, 169 young (173056K), 2 survivors (2048K)
 Metaspace       used 72034K, committed 72704K, reserved 1114112K
  class space    used 9734K, committed 10048K, reserved 1048576K
}
Event: 3.079 GC heap after
{Heap after GC invocations=18 (full 0):
 garbage-first heap   total 305152K, used 62355K [0x0000000080000000, 0x0000000100000000)
  region size 1024K, 11 young (11264K), 11 survivors (11264K)
 Metaspace       used 72034K, committed 72704K, reserved 1114112K
  class space    used 9734K, committed 10048K, reserved 1048576K
}
Event: 3.685 GC heap before
{Heap before GC invocations=18 (full 0):
 garbage-first heap   total 305152K, used 229267K [0x0000000080000000, 0x0000000100000000)
  region size 1024K, 173 young (177152K), 11 survivors (11264K)
 Metaspace       used 84623K, committed 85248K, reserved 1179648K
  class space    used 11671K, committed 11968K, reserved 1048576K
}
Event: 3.690 GC heap after
{Heap after GC invocations=19 (full 0):
 garbage-first heap   total 305152K, used 70616K [0x0000000080000000, 0x0000000100000000)
  region size 1024K, 19 young (19456K), 19 survivors (19456K)
 Metaspace       used 84623K, committed 85248K, reserved 1179648K
  class space    used 11671K, committed 11968K, reserved 1048576K
}
Event: 4.334 GC heap before
{Heap before GC invocations=19 (full 0):
 garbage-first heap   total 305152K, used 232408K [0x0000000080000000, 0x0000000100000000)
  region size 1024K, 178 young (182272K), 19 survivors (19456K)
 Metaspace       used 94867K, committed 95552K, reserved 1179648K
  class space    used 13187K, committed 13504K, reserved 1048576K
}
Event: 4.341 GC heap after
{Heap after GC invocations=20 (full 0):
 garbage-first heap   total 305152K, used 80105K [0x0000000080000000, 0x0000000100000000)
  region size 1024K, 18 young (18432K), 18 survivors (18432K)
 Metaspace       used 94867K, committed 95552K, reserved 1179648K
  class space    used 13187K, committed 13504K, reserved 1048576K
}
Event: 4.618 GC heap before
{Heap before GC invocations=20 (full 0):
 garbage-first heap   total 305152K, used 236777K [0x0000000080000000, 0x0000000100000000)
  region size 1024K, 172 young (176128K), 18 survivors (18432K)
 Metaspace       used 95692K, committed 96448K, reserved 1179648K
  class space    used 13270K, committed 13632K, reserved 1048576K
}
Event: 4.624 GC heap after
{Heap after GC invocations=21 (full 0):
 garbage-first heap   total 305152K, used 86250K [0x0000000080000000, 0x0000000100000000)
  region size 1024K, 18 young (18432K), 18 survivors (18432K)
 Metaspace       used 95692K, committed 96448K, reserved 1179648K
  class space    used 13270K, committed 13632K, reserved 1048576K
}
Event: 4.790 GC heap before
{Heap before GC invocations=21 (full 0):
 garbage-first heap   total 305152K, used 192746K [0x0000000080000000, 0x0000000100000000)
  region size 1024K, 124 young (126976K), 18 survivors (18432K)
 Metaspace       used 96260K, committed 96960K, reserved 1179648K
  class space    used 13344K, committed 13696K, reserved 1048576K
}
Event: 4.796 GC heap after
{Heap after GC invocations=22 (full 0):
 garbage-first heap   total 305152K, used 89891K [0x0000000080000000, 0x0000000100000000)
  region size 1024K, 13 young (13312K), 13 survivors (13312K)
 Metaspace       used 96260K, committed 96960K, reserved 1179648K
  class space    used 13344K, committed 13696K, reserved 1048576K
}
Event: 655.906 GC heap before
{Heap before GC invocations=23 (full 0):
 garbage-first heap   total 305152K, used 277283K [0x0000000080000000, 0x0000000100000000)
  region size 1024K, 138 young (141312K), 13 survivors (13312K)
 Metaspace       used 102858K, committed 103680K, reserved 1179648K
  class space    used 14101K, committed 14528K, reserved 1048576K
}
Event: 655.912 GC heap after
{Heap after GC invocations=24 (full 0):
 garbage-first heap   total 305152K, used 98427K [0x0000000080000000, 0x0000000100000000)
  region size 1024K, 16 young (16384K), 16 survivors (16384K)
 Metaspace       used 102858K, committed 103680K, reserved 1179648K
  class space    used 14101K, committed 14528K, reserved 1048576K
}
Event: 655.918 GC heap before
{Heap before GC invocations=24 (full 0):
 garbage-first heap   total 305152K, used 99451K [0x0000000080000000, 0x0000000100000000)
  region size 1024K, 17 young (17408K), 16 survivors (16384K)
 Metaspace       used 102882K, committed 103680K, reserved 1179648K
  class space    used 14101K, committed 14528K, reserved 1048576K
}
Event: 655.922 GC heap after
{Heap after GC invocations=25 (full 0):
 garbage-first heap   total 305152K, used 98518K [0x0000000080000000, 0x0000000100000000)
  region size 1024K, 3 young (3072K), 3 survivors (3072K)
 Metaspace       used 102882K, committed 103680K, reserved 1179648K
  class space    used 14101K, committed 14528K, reserved 1048576K
}
Event: 657.016 GC heap before
{Heap before GC invocations=25 (full 0):
 garbage-first heap   total 305152K, used 248022K [0x0000000080000000, 0x0000000100000000)
  region size 1024K, 146 young (149504K), 3 survivors (3072K)
 Metaspace       used 109850K, committed 110656K, reserved 1179648K
  class space    used 15025K, committed 15424K, reserved 1048576K
}
Event: 657.023 GC heap after
{Heap after GC invocations=26 (full 0):
 garbage-first heap   total 305152K, used 112399K [0x0000000080000000, 0x0000000100000000)
  region size 1024K, 16 young (16384K), 16 survivors (16384K)
 Metaspace       used 109850K, committed 110656K, reserved 1179648K
  class space    used 15025K, committed 15424K, reserved 1048576K
}

