# JRE version: OpenJDK Runtime Environment (17.0.11) (build 17.0.11+0--11852314)
# Java VM: OpenJDK 64-Bit Server VM (17.0.11+0--11852314, mixed mode, tiered, compressed oops, compressed class ptrs, g1 gc, windows-amd64)
GC Precious Log:
 CPUs: 28 total, 28 available
 Memory: 32454M
 Large Page Support: Disabled
 NUMA Support: Disabled
 Compressed Oops: Enabled (32-bit)
 Heap Region Size: 1M
 Heap Min Capacity: 8M
 Heap Initial Capacity: 508M
 Heap Max Capacity: 2G
 Pre-touch: Disabled
 Parallel Workers: 20
 Concurrent Workers: 5
 Concurrent Refinement Workers: 20
 Periodic GC: Disabled
Heap:
 garbage-first heap   total 365568K, used 278084K [0x0000000080000000, 0x0000000100000000)
  region size 1024K, 178 young (182272K), 18 survivors (18432K)
 Metaspace       used 136488K, committed 138112K, reserved 1179648K
  class space    used 18274K, committed 19136K, reserved 1048576K
GC Heap History (20 events):
Event: 1485.171 GC heap after
{Heap after GC invocations=40 (full 0):
 garbage-first heap   total 365568K, used 170805K [0x0000000080000000, 0x0000000100000000)
  region size 1024K, 5 young (5120K), 5 survivors (5120K)
 Metaspace       used 136863K, committed 138368K, reserved 1179648K
  class space    used 18413K, committed 19136K, reserved 1048576K
}
Event: 1528.603 GC heap before
{Heap before GC invocations=41 (full 0):
 garbage-first heap   total 365568K, used 309045K [0x0000000080000000, 0x0000000100000000)
  region size 1024K, 130 young (133120K), 5 survivors (5120K)
 Metaspace       used 135749K, committed 137472K, reserved 1179648K
  class space    used 18313K, committed 19136K, reserved 1048576K
}
Event: 1528.610 GC heap after
{Heap after GC invocations=42 (full 0):
 garbage-first heap   total 365568K, used 171777K [0x0000000080000000, 0x0000000100000000)
  region size 1024K, 17 young (17408K), 17 survivors (17408K)
 Metaspace       used 135749K, committed 137472K, reserved 1179648K
  class space    used 18313K, committed 19136K, reserved 1048576K
}
Event: 1528.614 GC heap before
{Heap before GC invocations=42 (full 0):
 garbage-first heap   total 365568K, used 172801K [0x0000000080000000, 0x0000000100000000)
  region size 1024K, 18 young (18432K), 17 survivors (17408K)
 Metaspace       used 135769K, committed 137472K, reserved 1179648K
  class space    used 18313K, committed 19136K, reserved 1048576K
}
Event: 1528.622 GC heap after
{Heap after GC invocations=43 (full 0):
 garbage-first heap   total 365568K, used 149839K [0x0000000080000000, 0x0000000100000000)
  region size 1024K, 1 young (1024K), 1 survivors (1024K)
 Metaspace       used 135769K, committed 137472K, reserved 1179648K
  class space    used 18313K, committed 19136K, reserved 1048576K
}
Event: 1624.222 GC heap before
{Heap before GC invocations=43 (full 0):
 garbage-first heap   total 365568K, used 306511K [0x0000000080000000, 0x0000000100000000)
  region size 1024K, 136 young (139264K), 1 survivors (1024K)
 Metaspace       used 136020K, committed 137600K, reserved 1179648K
  class space    used 18314K, committed 19136K, reserved 1048576K
}
Event: 1624.229 GC heap after
{Heap after GC invocations=44 (full 0):
 garbage-first heap   total 365568K, used 158162K [0x0000000080000000, 0x0000000100000000)
  region size 1024K, 13 young (13312K), 13 survivors (13312K)
 Metaspace       used 136020K, committed 137600K, reserved 1179648K
  class space    used 18314K, committed 19136K, reserved 1048576K
}
Event: 1624.309 GC heap before
{Heap before GC invocations=44 (full 0):
 garbage-first heap   total 365568K, used 176594K [0x0000000080000000, 0x0000000100000000)
  region size 1024K, 33 young (33792K), 13 survivors (13312K)
 Metaspace       used 136046K, committed 137664K, reserved 1179648K
  class space    used 18314K, committed 19136K, reserved 1048576K
}
Event: 1624.314 GC heap after
{Heap after GC invocations=45 (full 0):
 garbage-first heap   total 365568K, used 161773K [0x0000000080000000, 0x0000000100000000)
  region size 1024K, 4 young (4096K), 4 survivors (4096K)
 Metaspace       used 136046K, committed 137664K, reserved 1179648K
  class space    used 18314K, committed 19136K, reserved 1048576K
}
Event: 1638.040 GC heap before
{Heap before GC invocations=46 (full 0):
 garbage-first heap   total 365568K, used 314349K [0x0000000080000000, 0x0000000100000000)
  region size 1024K, 133 young (136192K), 4 survivors (4096K)
 Metaspace       used 136311K, committed 137920K, reserved 1179648K
  class space    used 18293K, committed 19136K, reserved 1048576K
}
Event: 1638.044 GC heap after
{Heap after GC invocations=47 (full 0):
 garbage-first heap   total 365568K, used 157275K [0x0000000080000000, 0x0000000100000000)
  region size 1024K, 6 young (6144K), 6 survivors (6144K)
 Metaspace       used 136311K, committed 137920K, reserved 1179648K
  class space    used 18293K, committed 19136K, reserved 1048576K
}
Event: 1638.084 GC heap before
{Heap before GC invocations=47 (full 0):
 garbage-first heap   total 365568K, used 168539K [0x0000000080000000, 0x0000000100000000)
  region size 1024K, 17 young (17408K), 6 survivors (6144K)
 Metaspace       used 136328K, committed 137920K, reserved 1179648K
  class space    used 18293K, committed 19136K, reserved 1048576K
}
Event: 1638.090 GC heap after
{Heap after GC invocations=48 (full 0):
 garbage-first heap   total 365568K, used 137261K [0x0000000080000000, 0x0000000100000000)
  region size 1024K, 2 young (2048K), 2 survivors (2048K)
 Metaspace       used 136328K, committed 137920K, reserved 1179648K
  class space    used 18293K, committed 19136K, reserved 1048576K
}
Event: 1638.312 GC heap before
{Heap before GC invocations=48 (full 0):
 garbage-first heap   total 365568K, used 195629K [0x0000000080000000, 0x0000000100000000)
  region size 1024K, 61 young (62464K), 2 survivors (2048K)
 Metaspace       used 136368K, committed 137984K, reserved 1179648K
  class space    used 18293K, committed 19136K, reserved 1048576K
}
Event: 1638.316 GC heap after
{Heap after GC invocations=49 (full 0):
 garbage-first heap   total 365568K, used 144983K [0x0000000080000000, 0x0000000100000000)
  region size 1024K, 10 young (10240K), 10 survivors (10240K)
 Metaspace       used 136368K, committed 137984K, reserved 1179648K
  class space    used 18293K, committed 19136K, reserved 1048576K
}
Event: 1715.512 GC heap before
{Heap before GC invocations=50 (full 0):
 garbage-first heap   total 365568K, used 309847K [0x0000000080000000, 0x0000000100000000)
  region size 1024K, 145 young (148480K), 10 survivors (10240K)
 Metaspace       used 136314K, committed 137920K, reserved 1179648K
  class space    used 18272K, committed 19136K, reserved 1048576K
}
Event: 1715.518 GC heap after
{Heap after GC invocations=51 (full 0):
 garbage-first heap   total 365568K, used 146618K [0x0000000080000000, 0x0000000100000000)
  region size 1024K, 11 young (11264K), 11 survivors (11264K)
 Metaspace       used 136314K, committed 137920K, reserved 1179648K
  class space    used 18272K, committed 19136K, reserved 1048576K
}
Event: 1715.550 GC heap before
{Heap before GC invocations=51 (full 0):
 garbage-first heap   total 365568K, used 152762K [0x0000000080000000, 0x0000000100000000)
  region size 1024K, 17 young (17408K), 11 survivors (11264K)
 Metaspace       used 136334K, committed 137920K, reserved 1179648K
  class space    used 18272K, committed 19136K, reserved 1048576K
}
Event: 1715.555 GC heap after
{Heap after GC invocations=52 (full 0):
 garbage-first heap   total 365568K, used 115028K [0x0000000080000000, 0x0000000100000000)
  region size 1024K, 2 young (2048K), 2 survivors (2048K)
 Metaspace       used 136334K, committed 137920K, reserved 1179648K
  class space    used 18272K, committed 19136K, reserved 1048576K
}
Event: 2012.822 GC heap before
{Heap before GC invocations=52 (full 0):
 garbage-first heap   total 365568K, used 276820K [0x0000000080000000, 0x0000000100000000)
  region size 1024K, 162 young (165888K), 2 survivors (2048K)
 Metaspace       used 136488K, committed 138112K, reserved 1179648K
  class space    used 18274K, committed 19136K, reserved 1048576K
}

